# JRE version: OpenJDK Runtime Environment (24.0.2) (build 24.0.2)
# Java VM: OpenJDK 64-Bit Server VM (24.0.2, mixed mode, sharing, tiered, compressed oops, compressed class ptrs, g1 gc, linux-amd64)
GC Precious Log:
 CardTable entry size: 512
 Card Set container configuration: InlinePtr #cards 4 size 8 Array Of Cards #cards 64 size 144 Howl #buckets 8 coarsen threshold 14745 Howl Bitmap #cards 2048 size 272 coarsen threshold 1843 Card regions per heap region 1 cards per card region 16384
 CPUs: 32 total, 32 available
 Memory: 61883M
 Large Page Support: Disabled
 NUMA Support: Disabled
 Compressed Oops: Enabled (Zero based)
 Heap Region Size: 8M
 Heap Min Capacity: 8M
 Heap Initial Capacity: 968M
 Heap Max Capacity: 15472M
 Pre-touch: Disabled
 Parallel Workers: 23
 Concurrent Workers: 6
 Concurrent Refinement Workers: 23
 Periodic GC: Disabled
Heap:
 garbage-first heap   total reserved 15843328K, committed 221184K, used 89289K [0x0000000439000000, 0x0000000800000000)
  region size 8192K, 7 young (57344K), 2 survivors (16384K)
 Metaspace       used 101840K, committed 102592K, reserved 1179648K
  class space    used 11102K, committed 11392K, reserved 1048576K
GC Heap History (20 events):
Event: 9.167 GC heap before
{Heap before GC invocations=3 (full 0):
 garbage-first heap   total reserved 15843328K, committed 114688K, used 100151K [0x0000000439000000, 0x0000000800000000)
  region size 8192K, 12 young (98304K), 2 survivors (16384K)
 Metaspace       used 29212K, committed 29504K, reserved 1114112K
  class space    used 2859K, committed 3008K, reserved 1048576K
}
Event: 9.171 GC heap after
{Heap after GC invocations=4 (full 0):
 garbage-first heap   total reserved 15843328K, committed 139264K, used 26200K [0x0000000439000000, 0x0000000800000000)
  region size 8192K, 3 young (24576K), 3 survivors (24576K)
 Metaspace       used 29212K, committed 29504K, reserved 1114112K
  class space    used 2859K, committed 3008K, reserved 1048576K
}
Event: 9.256 GC heap before
{Heap before GC invocations=4 (full 0):
 garbage-first heap   total reserved 15843328K, committed 139264K, used 58968K [0x0000000439000000, 0x0000000800000000)
  region size 8192K, 8 young (65536K), 3 survivors (24576K)
 Metaspace       used 35666K, committed 35968K, reserved 1114112K
  class space    used 3515K, committed 3648K, reserved 1048576K
}
Event: 9.261 GC heap after
{Heap after GC invocations=5 (full 0):
 garbage-first heap   total reserved 15843328K, committed 139264K, used 27433K [0x0000000439000000, 0x0000000800000000)
  region size 8192K, 2 young (16384K), 2 survivors (16384K)
 Metaspace       used 35666K, committed 35968K, reserved 1114112K
  class space    used 3515K, committed 3648K, reserved 1048576K
}
Event: 9.266 GC heap before
{Heap before GC invocations=5 (full 0):
 garbage-first heap   total reserved 15843328K, committed 139264K, used 27433K [0x0000000439000000, 0x0000000800000000)
  region size 8192K, 3 young (24576K), 2 survivors (16384K)
 Metaspace       used 35953K, committed 36288K, reserved 1114112K
  class space    used 3546K, committed 3712K, reserved 1048576K
}
Event: 9.267 GC heap after
{Heap after GC invocations=6 (full 0):
 garbage-first heap   total reserved 15843328K, committed 139264K, used 28156K [0x0000000439000000, 0x0000000800000000)
  region size 8192K, 1 young (8192K), 1 survivors (8192K)
 Metaspace       used 35953K, committed 36288K, reserved 1114112K
  class space    used 3546K, committed 3712K, reserved 1048576K
}
Event: 9.526 GC heap before
{Heap before GC invocations=7 (full 0):
 garbage-first heap   total reserved 15843328K, committed 139264K, used 93692K [0x0000000439000000, 0x0000000800000000)
  region size 8192K, 9 young (73728K), 1 survivors (8192K)
 Metaspace       used 44112K, committed 44480K, reserved 1114112K
  class space    used 4456K, committed 4672K, reserved 1048576K
}
Event: 9.529 GC heap after
{Heap after GC invocations=8 (full 0):
 garbage-first heap   total reserved 15843328K, committed 139264K, used 32632K [0x0000000439000000, 0x0000000800000000)
  region size 8192K, 1 young (8192K), 1 survivors (8192K)
 Metaspace       used 44112K, committed 44480K, reserved 1114112K
  class space    used 4456K, committed 4672K, reserved 1048576K
}
Event: 9.849 GC heap before
{Heap before GC invocations=8 (full 0):
 garbage-first heap   total reserved 15843328K, committed 139264K, used 98168K [0x0000000439000000, 0x0000000800000000)
  region size 8192K, 9 young (73728K), 1 survivors (8192K)
 Metaspace       used 51297K, committed 51712K, reserved 1114112K
  class space    used 5349K, committed 5504K, reserved 1048576K
}
Event: 9.853 GC heap after
{Heap after GC invocations=9 (full 0):
 garbage-first heap   total reserved 15843328K, committed 139264K, used 37899K [0x0000000439000000, 0x0000000800000000)
  region size 8192K, 2 young (16384K), 2 survivors (16384K)
 Metaspace       used 51297K, committed 51712K, reserved 1114112K
  class space    used 5349K, committed 5504K, reserved 1048576K
}
Event: 10.137 GC heap before
{Heap before GC invocations=9 (full 0):
 garbage-first heap   total reserved 15843328K, committed 139264K, used 78859K [0x0000000439000000, 0x0000000800000000)
  region size 8192K, 9 young (73728K), 2 survivors (16384K)
 Metaspace       used 60575K, committed 61056K, reserved 1114112K
  class space    used 6360K, committed 6592K, reserved 1048576K
}
Event: 10.140 GC heap after
{Heap after GC invocations=10 (full 0):
 garbage-first heap   total reserved 15843328K, committed 139264K, used 40928K [0x0000000439000000, 0x0000000800000000)
  region size 8192K, 2 young (16384K), 2 survivors (16384K)
 Metaspace       used 60575K, committed 61056K, reserved 1114112K
  class space    used 6360K, committed 6592K, reserved 1048576K
}
Event: 10.448 GC heap before
{Heap before GC invocations=11 (full 0):
 garbage-first heap   total reserved 15843328K, committed 139264K, used 98272K [0x0000000439000000, 0x0000000800000000)
  region size 8192K, 9 young (73728K), 2 survivors (16384K)
 Metaspace       used 75077K, committed 75648K, reserved 1179648K
  class space    used 7876K, committed 8128K, reserved 1048576K
}
Event: 10.451 GC heap after
{Heap after GC invocations=12 (full 0):
 garbage-first heap   total reserved 15843328K, committed 139264K, used 43552K [0x0000000439000000, 0x0000000800000000)
  region size 8192K, 2 young (16384K), 2 survivors (16384K)
 Metaspace       used 75077K, committed 75648K, reserved 1179648K
  class space    used 7876K, committed 8128K, reserved 1048576K
}
Event: 10.679 GC heap before
{Heap before GC invocations=12 (full 0):
 garbage-first heap   total reserved 15843328K, committed 139264K, used 100896K [0x0000000439000000, 0x0000000800000000)
  region size 8192K, 9 young (73728K), 2 survivors (16384K)
 Metaspace       used 84353K, committed 84928K, reserved 1179648K
  class space    used 8870K, committed 9152K, reserved 1048576K
}
Event: 10.683 GC heap after
{Heap after GC invocations=13 (full 0):
 garbage-first heap   total reserved 15843328K, committed 139264K, used 47116K [0x0000000439000000, 0x0000000800000000)
  region size 8192K, 2 young (16384K), 2 survivors (16384K)
 Metaspace       used 84353K, committed 84928K, reserved 1179648K
  class space    used 8870K, committed 9152K, reserved 1048576K
}
Event: 10.924 GC heap before
{Heap before GC invocations=13 (full 0):
 garbage-first heap   total reserved 15843328K, committed 139264K, used 104460K [0x0000000439000000, 0x0000000800000000)
  region size 8192K, 9 young (73728K), 2 survivors (16384K)
 Metaspace       used 89691K, committed 90304K, reserved 1179648K
  class space    used 9523K, committed 9792K, reserved 1048576K
}
Event: 10.927 GC heap after
{Heap after GC invocations=14 (full 0):
 garbage-first heap   total reserved 15843328K, committed 139264K, used 51907K [0x0000000439000000, 0x0000000800000000)
  region size 8192K, 2 young (16384K), 2 survivors (16384K)
 Metaspace       used 89691K, committed 90304K, reserved 1179648K
  class space    used 9523K, committed 9792K, reserved 1048576K
}
Event: 11.287 GC heap before
{Heap before GC invocations=14 (full 0):
 garbage-first heap   total reserved 15843328K, committed 139264K, used 109251K [0x0000000439000000, 0x0000000800000000)
  region size 8192K, 9 young (73728K), 2 survivors (16384K)
 Metaspace       used 97315K, committed 98048K, reserved 1179648K
  class space    used 10491K, committed 10816K, reserved 1048576K
}
Event: 11.290 GC heap after
{Heap after GC invocations=15 (full 0):
 garbage-first heap   total reserved 15843328K, committed 565248K, used 56521K [0x0000000439000000, 0x0000000800000000)
  region size 8192K, 2 young (16384K), 2 survivors (16384K)
 Metaspace       used 97315K, committed 98048K, reserved 1179648K
  class space    used 10491K, committed 10816K, reserved 1048576K
}

