# JRE version: OpenJDK Runtime Environment (24.0.2) (build 24.0.2)
# Java VM: OpenJDK 64-Bit Server VM (24.0.2, mixed mode, sharing, tiered, compressed oops, compressed class ptrs, g1 gc, linux-amd64)
GC Precious Log:
 CardTable entry size: 512
 Card Set container configuration: InlinePtr #cards 4 size 8 Array Of Cards #cards 64 size 144 Howl #buckets 8 coarsen threshold 14745 Howl Bitmap #cards 2048 size 272 coarsen threshold 1843 Card regions per heap region 1 cards per card region 16384
 CPUs: 32 total, 32 available
 Memory: 61883M
 Large Page Support: Disabled
 NUMA Support: Disabled
 Compressed Oops: Enabled (Zero based)
 Heap Region Size: 8M
 Heap Min Capacity: 8M
 Heap Initial Capacity: 968M
 Heap Max Capacity: 15472M
 Pre-touch: Disabled
 Parallel Workers: 23
 Concurrent Workers: 6
 Concurrent Refinement Workers: 23
 Periodic GC: Disabled
Heap:
 garbage-first heap   total reserved 15843328K, committed 196608K, used 149836K [0x0000000439000000, 0x0000000800000000)
  region size 8192K, 15 young (122880K), 2 survivors (16384K)
 Metaspace       used 104835K, committed 105600K, reserved 1179648K
  class space    used 11570K, committed 11904K, reserved 1048576K
GC Heap History (20 events):
Event: 6.501 GC heap before
{Heap before GC invocations=3 (full 0):
 garbage-first heap   total reserved 15843328K, committed 114688K, used 98100K [0x0000000439000000, 0x0000000800000000)
  region size 8192K, 12 young (98304K), 2 survivors (16384K)
 Metaspace       used 30530K, committed 30848K, reserved 1114112K
  class space    used 2969K, committed 3136K, reserved 1048576K
}
Event: 6.505 GC heap after
{Heap after GC invocations=4 (full 0):
 garbage-first heap   total reserved 15843328K, committed 139264K, used 24400K [0x0000000439000000, 0x0000000800000000)
  region size 8192K, 3 young (24576K), 3 survivors (24576K)
 Metaspace       used 30530K, committed 30848K, reserved 1114112K
  class space    used 2969K, committed 3136K, reserved 1048576K
}
Event: 6.579 GC heap before
{Heap before GC invocations=4 (full 0):
 garbage-first heap   total reserved 15843328K, committed 139264K, used 57168K [0x0000000439000000, 0x0000000800000000)
  region size 8192K, 8 young (65536K), 3 survivors (24576K)
 Metaspace       used 35815K, committed 36096K, reserved 1114112K
  class space    used 3510K, committed 3648K, reserved 1048576K
}
Event: 6.584 GC heap after
{Heap after GC invocations=5 (full 0):
 garbage-first heap   total reserved 15843328K, committed 139264K, used 26142K [0x0000000439000000, 0x0000000800000000)
  region size 8192K, 2 young (16384K), 2 survivors (16384K)
 Metaspace       used 35815K, committed 36096K, reserved 1114112K
  class space    used 3510K, committed 3648K, reserved 1048576K
}
Event: 6.588 GC heap before
{Heap before GC invocations=5 (full 0):
 garbage-first heap   total reserved 15843328K, committed 139264K, used 26142K [0x0000000439000000, 0x0000000800000000)
  region size 8192K, 3 young (24576K), 2 survivors (16384K)
 Metaspace       used 36094K, committed 36416K, reserved 1114112K
  class space    used 3530K, committed 3712K, reserved 1048576K
}
Event: 6.589 GC heap after
{Heap after GC invocations=6 (full 0):
 garbage-first heap   total reserved 15843328K, committed 139264K, used 26245K [0x0000000439000000, 0x0000000800000000)
  region size 8192K, 1 young (8192K), 1 survivors (8192K)
 Metaspace       used 36094K, committed 36416K, reserved 1114112K
  class space    used 3530K, committed 3712K, reserved 1048576K
}
Event: 6.841 GC heap before
{Heap before GC invocations=7 (full 0):
 garbage-first heap   total reserved 15843328K, committed 139264K, used 91781K [0x0000000439000000, 0x0000000800000000)
  region size 8192K, 9 young (73728K), 1 survivors (8192K)
 Metaspace       used 44211K, committed 44544K, reserved 1114112K
  class space    used 4332K, committed 4480K, reserved 1048576K
}
Event: 6.843 GC heap after
{Heap after GC invocations=8 (full 0):
 garbage-first heap   total reserved 15843328K, committed 139264K, used 30830K [0x0000000439000000, 0x0000000800000000)
  region size 8192K, 1 young (8192K), 1 survivors (8192K)
 Metaspace       used 44211K, committed 44544K, reserved 1114112K
  class space    used 4332K, committed 4480K, reserved 1048576K
}
Event: 7.196 GC heap before
{Heap before GC invocations=8 (full 0):
 garbage-first heap   total reserved 15843328K, committed 139264K, used 88174K [0x0000000439000000, 0x0000000800000000)
  region size 8192K, 9 young (73728K), 1 survivors (8192K)
 Metaspace       used 52293K, committed 52800K, reserved 1114112K
  class space    used 5301K, committed 5504K, reserved 1048576K
}
Event: 7.201 GC heap after
{Heap after GC invocations=9 (full 0):
 garbage-first heap   total reserved 15843328K, committed 139264K, used 36749K [0x0000000439000000, 0x0000000800000000)
  region size 8192K, 2 young (16384K), 2 survivors (16384K)
 Metaspace       used 52293K, committed 52800K, reserved 1114112K
  class space    used 5301K, committed 5504K, reserved 1048576K
}
Event: 7.464 GC heap before
{Heap before GC invocations=9 (full 0):
 garbage-first heap   total reserved 15843328K, committed 139264K, used 85901K [0x0000000439000000, 0x0000000800000000)
  region size 8192K, 9 young (73728K), 2 survivors (16384K)
 Metaspace       used 60831K, committed 61248K, reserved 1114112K
  class space    used 6274K, committed 6464K, reserved 1048576K
}
Event: 7.467 GC heap after
{Heap after GC invocations=10 (full 0):
 garbage-first heap   total reserved 15843328K, committed 139264K, used 38589K [0x0000000439000000, 0x0000000800000000)
  region size 8192K, 2 young (16384K), 2 survivors (16384K)
 Metaspace       used 60831K, committed 61248K, reserved 1114112K
  class space    used 6274K, committed 6464K, reserved 1048576K
}
Event: 7.771 GC heap before
{Heap before GC invocations=11 (full 0):
 garbage-first heap   total reserved 15843328K, committed 139264K, used 87741K [0x0000000439000000, 0x0000000800000000)
  region size 8192K, 9 young (73728K), 2 survivors (16384K)
 Metaspace       used 75212K, committed 75776K, reserved 1179648K
  class space    used 7761K, committed 8000K, reserved 1048576K
}
Event: 7.773 GC heap after
{Heap after GC invocations=12 (full 0):
 garbage-first heap   total reserved 15843328K, committed 139264K, used 41431K [0x0000000439000000, 0x0000000800000000)
  region size 8192K, 2 young (16384K), 2 survivors (16384K)
 Metaspace       used 75212K, committed 75776K, reserved 1179648K
  class space    used 7761K, committed 8000K, reserved 1048576K
}
Event: 8.012 GC heap before
{Heap before GC invocations=12 (full 0):
 garbage-first heap   total reserved 15843328K, committed 139264K, used 98775K [0x0000000439000000, 0x0000000800000000)
  region size 8192K, 9 young (73728K), 2 survivors (16384K)
 Metaspace       used 84226K, committed 84800K, reserved 1179648K
  class space    used 8951K, committed 9216K, reserved 1048576K
}
Event: 8.016 GC heap after
{Heap after GC invocations=13 (full 0):
 garbage-first heap   total reserved 15843328K, committed 139264K, used 44557K [0x0000000439000000, 0x0000000800000000)
  region size 8192K, 2 young (16384K), 2 survivors (16384K)
 Metaspace       used 84226K, committed 84800K, reserved 1179648K
  class space    used 8951K, committed 9216K, reserved 1048576K
}
Event: 8.144 GC heap before
{Heap before GC invocations=13 (full 0):
 garbage-first heap   total reserved 15843328K, committed 139264K, used 101901K [0x0000000439000000, 0x0000000800000000)
  region size 8192K, 9 young (73728K), 2 survivors (16384K)
 Metaspace       used 88258K, committed 88768K, reserved 1179648K
  class space    used 9556K, committed 9792K, reserved 1048576K
}
Event: 8.147 GC heap after
{Heap after GC invocations=14 (full 0):
 garbage-first heap   total reserved 15843328K, committed 139264K, used 46695K [0x0000000439000000, 0x0000000800000000)
  region size 8192K, 2 young (16384K), 2 survivors (16384K)
 Metaspace       used 88258K, committed 88768K, reserved 1179648K
  class space    used 9556K, committed 9792K, reserved 1048576K
}
Event: 8.382 GC heap before
{Heap before GC invocations=14 (full 0):
 garbage-first heap   total reserved 15843328K, committed 139264K, used 104039K [0x0000000439000000, 0x0000000800000000)
  region size 8192K, 9 young (73728K), 2 survivors (16384K)
 Metaspace       used 92964K, committed 93568K, reserved 1179648K
  class space    used 10128K, committed 10368K, reserved 1048576K
}
Event: 8.384 GC heap after
{Heap after GC invocations=15 (full 0):
 garbage-first heap   total reserved 15843328K, committed 565248K, used 51532K [0x0000000439000000, 0x0000000800000000)
  region size 8192K, 2 young (16384K), 2 survivors (16384K)
 Metaspace       used 92964K, committed 93568K, reserved 1179648K
  class space    used 10128K, committed 10368K, reserved 1048576K
}

